Arguments: 
  C:\Program Files\nodejs\node.exe C:\Users\Jordan - Regular\AppData\Roaming\npm\node_modules\yarn\bin\yarn.js

PATH: 
  C:\Python39\Scripts\;C:\Python39\;C:\Windows\system32;C:\Windows;C:\Windows\System32\Wbem;C:\Windows\System32\WindowsPowerShell\v1.0\;C:\Windows\System32\OpenSSH\;C:\Program Files (x86)\NVIDIA Corporation\PhysX\Common;C:\Program Files\NVIDIA Corporation\NVIDIA NvDLISR;C:\ProgramData\chocolatey\bin;C:\Program Files\Sublime Text 3;;C:\Program Files (x86)\Gpg4win\..\GnuPG\bin;C:\Program Files\nodejs\;C:\Program Files\Docker\Docker\resources\bin;C:\ProgramData\DockerDesktop\version-bin;C:\Users\Jordan - Regular\AppData\Local\Microsoft\WindowsApps;C:\Users\Jordan - Regular\AppData\Local\Programs\Microsoft VS Code\bin;C:\Users\Jordan - Regular\AppData\Local\GitHubDesktop\bin;C:\Users\Jordan - Regular\AppData\Local\Programs\Git\cmd;C:\Users\Jordan - Regular\AppData\Roaming\npm

Yarn version: 
  1.22.10

Node version: 
  14.16.1

Platform: 
  win32 x64

Trace: 
  SyntaxError: C:\Users\Jordan - Regular\files\web\pixelmatic\projects\silhouettes\package.json: Unexpected token } in JSON at position 715
      at JSON.parse (<anonymous>)
      at C:\Users\Jordan - Regular\AppData\Roaming\npm\node_modules\yarn\lib\cli.js:1625:59
      at Generator.next (<anonymous>)
      at step (C:\Users\Jordan - Regular\AppData\Roaming\npm\node_modules\yarn\lib\cli.js:310:30)
      at C:\Users\Jordan - Regular\AppData\Roaming\npm\node_modules\yarn\lib\cli.js:321:13

npm manifest: 
  {
    "name": "~TODO~",
    "version": "0.0.1",
    "scripts": {
      "dev": "svelte-kit dev",
      "build": "svelte-kit build",
      "preview": "svelte-kit preview",
      "lint": "prettier --check --plugin-search-dir=. .",
      "format": "prettier --write --plugin-search-dir=. ."
    },
    "devDependencies": {
      "@sveltejs/adapter-node": "^1.0.0-next.26",
      "@sveltejs/adapter-static": "^1.0.0-next.13",
      "@sveltejs/kit": "next",
      "@tailwindcss/jit": "^0.1.18",
      "autoprefixer": "^10.2.6",
      "postcss": "^8.3.4",
      "postcss-preset-env": "^6.7.0",
      "prettier": "~2.2.1",
      "prettier-plugin-svelte": "^2.2.0",
      "svelte": "^3.34.0",
      "svelte-preprocess": "^4.7.3",
      "tailwindcss": "^2.1.4",
      
    },
    "type": "module",
    "dependencies": {
      "buffer": "^6.0.3",
      "crypto-js": "^4.0.0",
      "normalize.css": "^8.0.1",
      "wretch": "^1.7.4",
      "qrcode-generator-es6": "^1.1.4"
    }
  }

yarn manifest: 
  No manifest

Lockfile: 
  No lockfile
